<?xml version="1.0" encoding="UTF-8"?>
<testsuite xmlns:xsi="http://www.w3.org/2001/XMLSchema-instance" xsi:noNamespaceSchemaLocation="https://maven.apache.org/surefire/maven-surefire-plugin/xsd/surefire-test-report-3.0.xsd" version="3.0" name="org.eclipse.hawkbit.simulator.AllowAllWebSecurityTest" time="2.596" tests="2" errors="0" skipped="0" failures="0">
  <properties>
    <property name="java.specification.version" value="17"/>
    <property name="sun.jnu.encoding" value="UTF-8"/>
    <property name="java.class.path" value="/home/lorenzo/.m2/repository/org/apache/maven/surefire/surefire-api/3.1.2/surefire-api-3.1.2.jar:/home/lorenzo/.m2/repository/org/apache/maven/surefire/surefire-booter/3.1.2/surefire-booter-3.1.2.jar:/home/lorenzo/.m2/repository/org/apache/maven/surefire/surefire-extensions-spi/3.1.2/surefire-extensions-spi-3.1.2.jar:/home/lorenzo/.m2/repository/org/apache/maven/surefire/surefire-logger-api/3.1.2/surefire-logger-api-3.1.2.jar:/home/lorenzo/.m2/repository/org/apache/maven/surefire/surefire-shared-utils/3.1.2/surefire-shared-utils-3.1.2.jar:/home/lorenzo/Desktop/hawkbit-device-simulator/target/test-classes:/home/lorenzo/Desktop/hawkbit-device-simulator/target/classes:/home/lorenzo/.m2/repository/org/eclipse/hawkbit/hawkbit-dmf-api/0.3.0/hawkbit-dmf-api-0.3.0.jar:/home/lorenzo/.m2/repository/com/fasterxml/jackson/core/jackson-annotations/2.13.5/jackson-annotations-2.13.5.jar:/home/lorenzo/.m2/repository/org/eclipse/hawkbit/hawkbit-example-ddi-feign-client/0.3.0-SNAPSHOT/hawkbit-example-ddi-feign-client-0.3.0-SNAPSHOT.jar:/home/lorenzo/.m2/repository/org/eclipse/hawkbit/hawkbit-example-core-feign-client/0.3.0-SNAPSHOT/hawkbit-example-core-feign-client-0.3.0-SNAPSHOT.jar:/home/lorenzo/.m2/repository/org/slf4j/slf4j-api/1.7.36/slf4j-api-1.7.36.jar:/home/lorenzo/.m2/repository/org/eclipse/hawkbit/hawkbit-ddi-api/0.3.0/hawkbit-ddi-api-0.3.0.jar:/home/lorenzo/.m2/repository/org/springframework/hateoas/spring-hateoas/1.5.5/spring-hateoas-1.5.5.jar:/home/lorenzo/.m2/repository/org/springframework/plugin/spring-plugin-core/2.0.0.RELEASE/spring-plugin-core-2.0.0.RELEASE.jar:/home/lorenzo/.m2/repository/com/fasterxml/jackson/dataformat/jackson-dataformat-cbor/2.13.5/jackson-dataformat-cbor-2.13.5.jar:/home/lorenzo/.m2/repository/javax/validation/validation-api/2.0.1.Final/validation-api-2.0.1.Final.jar:/home/lorenzo/.m2/repository/org/eclipse/hawkbit/hawkbit-rest-core/0.3.0/hawkbit-rest-core-0.3.0.jar:/home/lorenzo/.m2/repository/org/eclipse/hawkbit/hawkbit-core/0.3.0/hawkbit-core-0.3.0.jar:/home/lorenzo/.m2/repository/org/apache/commons/commons-lang3/3.12.0/commons-lang3-3.12.0.jar:/home/lorenzo/.m2/repository/org/springframework/data/spring-data-commons/2.7.17/spring-data-commons-2.7.17.jar:/home/lorenzo/.m2/repository/org/springdoc/springdoc-openapi-ui/1.7.0/springdoc-openapi-ui-1.7.0.jar:/home/lorenzo/.m2/repository/org/springdoc/springdoc-openapi-webmvc-core/1.7.0/springdoc-openapi-webmvc-core-1.7.0.jar:/home/lorenzo/.m2/repository/org/webjars/swagger-ui/4.18.2/swagger-ui-4.18.2.jar:/home/lorenzo/.m2/repository/org/springdoc/springdoc-openapi-security/1.7.0/springdoc-openapi-security-1.7.0.jar:/home/lorenzo/.m2/repository/org/springdoc/springdoc-openapi-common/1.7.0/springdoc-openapi-common-1.7.0.jar:/home/lorenzo/.m2/repository/io/swagger/core/v3/swagger-core/2.2.9/swagger-core-2.2.9.jar:/home/lorenzo/.m2/repository/com/fasterxml/jackson/dataformat/jackson-dataformat-yaml/2.13.5/jackson-dataformat-yaml-2.13.5.jar:/home/lorenzo/.m2/repository/io/swagger/core/v3/swagger-annotations/2.2.9/swagger-annotations-2.2.9.jar:/home/lorenzo/.m2/repository/io/swagger/core/v3/swagger-models/2.2.9/swagger-models-2.2.9.jar:/home/lorenzo/.m2/repository/org/apache/tomcat/embed/tomcat-embed-el/9.0.82/tomcat-embed-el-9.0.82.jar:/home/lorenzo/.m2/repository/org/hibernate/validator/hibernate-validator/6.2.5.Final/hibernate-validator-6.2.5.Final.jar:/home/lorenzo/.m2/repository/jakarta/validation/jakarta.validation-api/2.0.2/jakarta.validation-api-2.0.2.jar:/home/lorenzo/.m2/repository/org/jboss/logging/jboss-logging/3.4.3.Final/jboss-logging-3.4.3.Final.jar:/home/lorenzo/.m2/repository/com/fasterxml/classmate/1.5.1/classmate-1.5.1.jar:/home/lorenzo/.m2/repository/org/springframework/amqp/spring-rabbit/2.4.17/spring-rabbit-2.4.17.jar:/home/lorenzo/.m2/repository/org/springframework/amqp/spring-amqp/2.4.17/spring-amqp-2.4.17.jar:/home/lorenzo/.m2/repository/org/springframework/retry/spring-retry/1.3.4/spring-retry-1.3.4.jar:/home/lorenzo/.m2/repository/com/rabbitmq/amqp-client/5.14.3/amqp-client-5.14.3.jar:/home/lorenzo/.m2/repository/org/springframework/spring-context/5.3.30/spring-context-5.3.30.jar:/home/lorenzo/.m2/repository/org/springframework/spring-messaging/5.3.30/spring-messaging-5.3.30.jar:/home/lorenzo/.m2/repository/org/springframework/spring-tx/5.3.30/spring-tx-5.3.30.jar:/home/lorenzo/.m2/repository/org/springframework/boot/spring-boot-starter-web/2.7.17/spring-boot-starter-web-2.7.17.jar:/home/lorenzo/.m2/repository/org/springframework/boot/spring-boot-starter-json/2.7.17/spring-boot-starter-json-2.7.17.jar:/home/lorenzo/.m2/repository/org/springframework/boot/spring-boot-starter-tomcat/2.7.17/spring-boot-starter-tomcat-2.7.17.jar:/home/lorenzo/.m2/repository/org/apache/tomcat/embed/tomcat-embed-core/9.0.82/tomcat-embed-core-9.0.82.jar:/home/lorenzo/.m2/repository/org/apache/tomcat/embed/tomcat-embed-websocket/9.0.82/tomcat-embed-websocket-9.0.82.jar:/home/lorenzo/.m2/repository/org/springframework/spring-web/5.3.30/spring-web-5.3.30.jar:/home/lorenzo/.m2/repository/org/springframework/spring-webmvc/5.3.30/spring-webmvc-5.3.30.jar:/home/lorenzo/.m2/repository/org/springframework/boot/spring-boot-starter-jetty/2.7.17/spring-boot-starter-jetty-2.7.17.jar:/home/lorenzo/.m2/repository/jakarta/servlet/jakarta.servlet-api/4.0.4/jakarta.servlet-api-4.0.4.jar:/home/lorenzo/.m2/repository/jakarta/websocket/jakarta.websocket-api/1.1.2/jakarta.websocket-api-1.1.2.jar:/home/lorenzo/.m2/repository/org/eclipse/jetty/jetty-servlets/9.4.53.v20231009/jetty-servlets-9.4.53.v20231009.jar:/home/lorenzo/.m2/repository/org/eclipse/jetty/jetty-continuation/9.4.53.v20231009/jetty-continuation-9.4.53.v20231009.jar:/home/lorenzo/.m2/repository/org/eclipse/jetty/jetty-http/9.4.53.v20231009/jetty-http-9.4.53.v20231009.jar:/home/lorenzo/.m2/repository/org/eclipse/jetty/jetty-util/9.4.53.v20231009/jetty-util-9.4.53.v20231009.jar:/home/lorenzo/.m2/repository/org/eclipse/jetty/jetty-io/9.4.53.v20231009/jetty-io-9.4.53.v20231009.jar:/home/lorenzo/.m2/repository/org/eclipse/jetty/jetty-webapp/9.4.53.v20231009/jetty-webapp-9.4.53.v20231009.jar:/home/lorenzo/.m2/repository/org/eclipse/jetty/jetty-xml/9.4.53.v20231009/jetty-xml-9.4.53.v20231009.jar:/home/lorenzo/.m2/repository/org/eclipse/jetty/jetty-servlet/9.4.53.v20231009/jetty-servlet-9.4.53.v20231009.jar:/home/lorenzo/.m2/repository/org/eclipse/jetty/jetty-security/9.4.53.v20231009/jetty-security-9.4.53.v20231009.jar:/home/lorenzo/.m2/repository/org/eclipse/jetty/jetty-server/9.4.53.v20231009/jetty-server-9.4.53.v20231009.jar:/home/lorenzo/.m2/repository/org/eclipse/jetty/jetty-util-ajax/9.4.53.v20231009/jetty-util-ajax-9.4.53.v20231009.jar:/home/lorenzo/.m2/repository/org/eclipse/jetty/websocket/websocket-server/9.4.53.v20231009/websocket-server-9.4.53.v20231009.jar:/home/lorenzo/.m2/repository/org/eclipse/jetty/websocket/websocket-common/9.4.53.v20231009/websocket-common-9.4.53.v20231009.jar:/home/lorenzo/.m2/repository/org/eclipse/jetty/websocket/websocket-api/9.4.53.v20231009/websocket-api-9.4.53.v20231009.jar:/home/lorenzo/.m2/repository/org/eclipse/jetty/websocket/websocket-client/9.4.53.v20231009/websocket-client-9.4.53.v20231009.jar:/home/lorenzo/.m2/repository/org/eclipse/jetty/jetty-client/9.4.53.v20231009/jetty-client-9.4.53.v20231009.jar:/home/lorenzo/.m2/repository/org/eclipse/jetty/websocket/websocket-servlet/9.4.53.v20231009/websocket-servlet-9.4.53.v20231009.jar:/home/lorenzo/.m2/repository/org/eclipse/jetty/websocket/javax-websocket-server-impl/9.4.53.v20231009/javax-websocket-server-impl-9.4.53.v20231009.jar:/home/lorenzo/.m2/repository/org/eclipse/jetty/jetty-annotations/9.4.53.v20231009/jetty-annotations-9.4.53.v20231009.jar:/home/lorenzo/.m2/repository/org/eclipse/jetty/jetty-plus/9.4.53.v20231009/jetty-plus-9.4.53.v20231009.jar:/home/lorenzo/.m2/repository/org/ow2/asm/asm/9.6/asm-9.6.jar:/home/lorenzo/.m2/repository/org/ow2/asm/asm-commons/9.6/asm-commons-9.6.jar:/home/lorenzo/.m2/repository/org/ow2/asm/asm-tree/9.6/asm-tree-9.6.jar:/home/lorenzo/.m2/repository/org/eclipse/jetty/websocket/javax-websocket-client-impl/9.4.53.v20231009/javax-websocket-client-impl-9.4.53.v20231009.jar:/home/lorenzo/.m2/repository/org/springframework/boot/spring-boot-starter-logging/2.7.17/spring-boot-starter-logging-2.7.17.jar:/home/lorenzo/.m2/repository/ch/qos/logback/logback-classic/1.2.12/logback-classic-1.2.12.jar:/home/lorenzo/.m2/repository/ch/qos/logback/logback-core/1.2.12/logback-core-1.2.12.jar:/home/lorenzo/.m2/repository/org/apache/logging/log4j/log4j-to-slf4j/2.17.2/log4j-to-slf4j-2.17.2.jar:/home/lorenzo/.m2/repository/org/apache/logging/log4j/log4j-api/2.17.2/log4j-api-2.17.2.jar:/home/lorenzo/.m2/repository/org/slf4j/jul-to-slf4j/1.7.36/jul-to-slf4j-1.7.36.jar:/home/lorenzo/.m2/repository/org/springframework/security/spring-security-web/5.7.11/spring-security-web-5.7.11.jar:/home/lorenzo/.m2/repository/org/springframework/security/spring-security-core/5.7.11/spring-security-core-5.7.11.jar:/home/lorenzo/.m2/repository/org/springframework/spring-core/5.3.30/spring-core-5.3.30.jar:/home/lorenzo/.m2/repository/org/springframework/spring-jcl/5.3.30/spring-jcl-5.3.30.jar:/home/lorenzo/.m2/repository/org/springframework/spring-aop/5.3.30/spring-aop-5.3.30.jar:/home/lorenzo/.m2/repository/org/springframework/spring-beans/5.3.30/spring-beans-5.3.30.jar:/home/lorenzo/.m2/repository/org/springframework/spring-expression/5.3.30/spring-expression-5.3.30.jar:/home/lorenzo/.m2/repository/org/springframework/security/spring-security-config/5.7.11/spring-security-config-5.7.11.jar:/home/lorenzo/.m2/repository/org/springframework/boot/spring-boot-starter/2.7.17/spring-boot-starter-2.7.17.jar:/home/lorenzo/.m2/repository/org/springframework/boot/spring-boot/2.7.17/spring-boot-2.7.17.jar:/home/lorenzo/.m2/repository/jakarta/annotation/jakarta.annotation-api/1.3.5/jakarta.annotation-api-1.3.5.jar:/home/lorenzo/.m2/repository/org/yaml/snakeyaml/1.33/snakeyaml-1.33.jar:/home/lorenzo/.m2/repository/org/springframework/boot/spring-boot-starter-actuator/2.7.17/spring-boot-starter-actuator-2.7.17.jar:/home/lorenzo/.m2/repository/org/springframework/boot/spring-boot-actuator-autoconfigure/2.7.17/spring-boot-actuator-autoconfigure-2.7.17.jar:/home/lorenzo/.m2/repository/org/springframework/boot/spring-boot-actuator/2.7.17/spring-boot-actuator-2.7.17.jar:/home/lorenzo/.m2/repository/com/fasterxml/jackson/datatype/jackson-datatype-jsr310/2.13.5/jackson-datatype-jsr310-2.13.5.jar:/home/lorenzo/.m2/repository/io/micrometer/micrometer-core/1.9.16/micrometer-core-1.9.16.jar:/home/lorenzo/.m2/repository/org/hdrhistogram/HdrHistogram/2.1.12/HdrHistogram-2.1.12.jar:/home/lorenzo/.m2/repository/org/latencyutils/LatencyUtils/2.0.3/LatencyUtils-2.0.3.jar:/home/lorenzo/.m2/repository/org/springframework/boot/spring-boot-autoconfigure/2.7.17/spring-boot-autoconfigure-2.7.17.jar:/home/lorenzo/.m2/repository/org/springframework/cloud/spring-cloud-context/3.1.7/spring-cloud-context-3.1.7.jar:/home/lorenzo/.m2/repository/org/springframework/security/spring-security-crypto/5.7.11/spring-security-crypto-5.7.11.jar:/home/lorenzo/.m2/repository/org/springframework/cloud/spring-cloud-starter-openfeign/3.1.8/spring-cloud-starter-openfeign-3.1.8.jar:/home/lorenzo/.m2/repository/org/springframework/cloud/spring-cloud-starter/3.1.7/spring-cloud-starter-3.1.7.jar:/home/lorenzo/.m2/repository/org/springframework/security/spring-security-rsa/1.0.11.RELEASE/spring-security-rsa-1.0.11.RELEASE.jar:/home/lorenzo/.m2/repository/org/bouncycastle/bcpkix-jdk15on/1.69/bcpkix-jdk15on-1.69.jar:/home/lorenzo/.m2/repository/org/bouncycastle/bcprov-jdk15on/1.69/bcprov-jdk15on-1.69.jar:/home/lorenzo/.m2/repository/org/bouncycastle/bcutil-jdk15on/1.69/bcutil-jdk15on-1.69.jar:/home/lorenzo/.m2/repository/org/springframework/cloud/spring-cloud-openfeign-core/3.1.8/spring-cloud-openfeign-core-3.1.8.jar:/home/lorenzo/.m2/repository/org/springframework/boot/spring-boot-starter-aop/2.7.17/spring-boot-starter-aop-2.7.17.jar:/home/lorenzo/.m2/repository/org/aspectj/aspectjweaver/1.9.7/aspectjweaver-1.9.7.jar:/home/lorenzo/.m2/repository/io/github/openfeign/form/feign-form-spring/3.8.0/feign-form-spring-3.8.0.jar:/home/lorenzo/.m2/repository/io/github/openfeign/form/feign-form/3.8.0/feign-form-3.8.0.jar:/home/lorenzo/.m2/repository/commons-fileupload/commons-fileupload/1.5/commons-fileupload-1.5.jar:/home/lorenzo/.m2/repository/commons-io/commons-io/2.13.0/commons-io-2.13.0.jar:/home/lorenzo/.m2/repository/org/springframework/cloud/spring-cloud-commons/3.1.7/spring-cloud-commons-3.1.7.jar:/home/lorenzo/.m2/repository/io/github/openfeign/feign-core/11.10/feign-core-11.10.jar:/home/lorenzo/.m2/repository/io/github/openfeign/feign-slf4j/11.10/feign-slf4j-11.10.jar:/home/lorenzo/.m2/repository/io/github/openfeign/feign-jackson/11.10/feign-jackson-11.10.jar:/home/lorenzo/.m2/repository/com/fasterxml/jackson/core/jackson-databind/2.13.5/jackson-databind-2.13.5.jar:/home/lorenzo/.m2/repository/com/fasterxml/jackson/core/jackson-core/2.13.5/jackson-core-2.13.5.jar:/home/lorenzo/.m2/repository/com/google/guava/guava/32.1.2-jre/guava-32.1.2-jre.jar:/home/lorenzo/.m2/repository/com/google/guava/failureaccess/1.0.1/failureaccess-1.0.1.jar:/home/lorenzo/.m2/repository/com/google/guava/listenablefuture/9999.0-empty-to-avoid-conflict-with-guava/listenablefuture-9999.0-empty-to-avoid-conflict-with-guava.jar:/home/lorenzo/.m2/repository/org/checkerframework/checker-qual/3.33.0/checker-qual-3.33.0.jar:/home/lorenzo/.m2/repository/org/apache/httpcomponents/httpclient/4.5.14/httpclient-4.5.14.jar:/home/lorenzo/.m2/repository/org/apache/httpcomponents/httpcore/4.4.16/httpcore-4.4.16.jar:/home/lorenzo/.m2/repository/commons-codec/commons-codec/1.15/commons-codec-1.15.jar:/home/lorenzo/.m2/repository/org/springframework/boot/spring-boot-starter-test/2.7.17/spring-boot-starter-test-2.7.17.jar:/home/lorenzo/.m2/repository/org/springframework/boot/spring-boot-test/2.7.17/spring-boot-test-2.7.17.jar:/home/lorenzo/.m2/repository/org/springframework/boot/spring-boot-test-autoconfigure/2.7.17/spring-boot-test-autoconfigure-2.7.17.jar:/home/lorenzo/.m2/repository/com/jayway/jsonpath/json-path/2.7.0/json-path-2.7.0.jar:/home/lorenzo/.m2/repository/net/minidev/json-smart/2.4.11/json-smart-2.4.11.jar:/home/lorenzo/.m2/repository/net/minidev/accessors-smart/2.4.11/accessors-smart-2.4.11.jar:/home/lorenzo/.m2/repository/jakarta/xml/bind/jakarta.xml.bind-api/2.3.3/jakarta.xml.bind-api-2.3.3.jar:/home/lorenzo/.m2/repository/jakarta/activation/jakarta.activation-api/1.2.2/jakarta.activation-api-1.2.2.jar:/home/lorenzo/.m2/repository/org/assertj/assertj-core/3.22.0/assertj-core-3.22.0.jar:/home/lorenzo/.m2/repository/org/hamcrest/hamcrest/2.2/hamcrest-2.2.jar:/home/lorenzo/.m2/repository/org/junit/jupiter/junit-jupiter/5.8.2/junit-jupiter-5.8.2.jar:/home/lorenzo/.m2/repository/org/junit/jupiter/junit-jupiter-params/5.8.2/junit-jupiter-params-5.8.2.jar:/home/lorenzo/.m2/repository/org/junit/jupiter/junit-jupiter-engine/5.8.2/junit-jupiter-engine-5.8.2.jar:/home/lorenzo/.m2/repository/org/mockito/mockito-core/4.5.1/mockito-core-4.5.1.jar:/home/lorenzo/.m2/repository/net/bytebuddy/byte-buddy/1.12.23/byte-buddy-1.12.23.jar:/home/lorenzo/.m2/repository/net/bytebuddy/byte-buddy-agent/1.12.23/byte-buddy-agent-1.12.23.jar:/home/lorenzo/.m2/repository/org/objenesis/objenesis/3.2/objenesis-3.2.jar:/home/lorenzo/.m2/repository/org/mockito/mockito-junit-jupiter/4.5.1/mockito-junit-jupiter-4.5.1.jar:/home/lorenzo/.m2/repository/org/skyscreamer/jsonassert/1.5.1/jsonassert-1.5.1.jar:/home/lorenzo/.m2/repository/com/vaadin/external/google/android-json/0.0.20131108.vaadin1/android-json-0.0.20131108.vaadin1.jar:/home/lorenzo/.m2/repository/org/springframework/spring-test/5.3.30/spring-test-5.3.30.jar:/home/lorenzo/.m2/repository/org/xmlunit/xmlunit-core/2.9.1/xmlunit-core-2.9.1.jar:/home/lorenzo/.m2/repository/org/springframework/security/spring-security-test/5.7.11/spring-security-test-5.7.11.jar:/home/lorenzo/.m2/repository/io/qameta/allure/allure-junit5/2.24.0/allure-junit5-2.24.0.jar:/home/lorenzo/.m2/repository/io/qameta/allure/allure-junit-platform/2.24.0/allure-junit-platform-2.24.0.jar:/home/lorenzo/.m2/repository/io/qameta/allure/allure-java-commons/2.24.0/allure-java-commons-2.24.0.jar:/home/lorenzo/.m2/repository/io/qameta/allure/allure-model/2.24.0/allure-model-2.24.0.jar:/home/lorenzo/.m2/repository/io/qameta/allure/allure-test-filter/2.24.0/allure-test-filter-2.24.0.jar:/home/lorenzo/.m2/repository/org/junit/jupiter/junit-jupiter-api/5.8.2/junit-jupiter-api-5.8.2.jar:/home/lorenzo/.m2/repository/org/opentest4j/opentest4j/1.2.0/opentest4j-1.2.0.jar:/home/lorenzo/.m2/repository/org/junit/platform/junit-platform-commons/1.8.2/junit-platform-commons-1.8.2.jar:/home/lorenzo/.m2/repository/org/apiguardian/apiguardian-api/1.1.2/apiguardian-api-1.1.2.jar:/home/lorenzo/.m2/repository/org/junit/platform/junit-platform-launcher/1.8.2/junit-platform-launcher-1.8.2.jar:/home/lorenzo/.m2/repository/org/junit/platform/junit-platform-engine/1.8.2/junit-platform-engine-1.8.2.jar:/home/lorenzo/.m2/repository/org/apache/maven/surefire/surefire-junit-platform/3.1.2/surefire-junit-platform-3.1.2.jar:/home/lorenzo/.m2/repository/org/apache/maven/surefire/common-java5/3.1.2/common-java5-3.1.2.jar"/>
    <property name="java.vm.vendor" value="Private Build"/>
    <property name="sun.arch.data.model" value="64"/>
    <property name="java.vendor.url" value="Unknown"/>
    <property name="user.timezone" value="Europe/Berlin"/>
    <property name="os.name" value="Linux"/>
    <property name="java.vm.specification.version" value="17"/>
    <property name="sun.java.launcher" value="SUN_STANDARD"/>
    <property name="user.country" value="US"/>
    <property name="sun.boot.library.path" value="/usr/lib/jvm/java-17-openjdk-amd64/lib"/>
    <property name="sun.java.command" value="org.apache.maven.surefire.booter.ForkedBooter /home/lorenzo/Desktop/hawkbit-device-simulator/target/surefire 2024-01-30T12-46-14_795-jvmRun1 surefire-20240130124614931_1tmp surefire_0-20240130124614931_2tmp"/>
    <property name="jdk.debug" value="release"/>
    <property name="surefire.test.class.path" value="/home/lorenzo/Desktop/hawkbit-device-simulator/target/test-classes:/home/lorenzo/Desktop/hawkbit-device-simulator/target/classes:/home/lorenzo/.m2/repository/org/eclipse/hawkbit/hawkbit-dmf-api/0.3.0/hawkbit-dmf-api-0.3.0.jar:/home/lorenzo/.m2/repository/com/fasterxml/jackson/core/jackson-annotations/2.13.5/jackson-annotations-2.13.5.jar:/home/lorenzo/.m2/repository/org/eclipse/hawkbit/hawkbit-example-ddi-feign-client/0.3.0-SNAPSHOT/hawkbit-example-ddi-feign-client-0.3.0-SNAPSHOT.jar:/home/lorenzo/.m2/repository/org/eclipse/hawkbit/hawkbit-example-core-feign-client/0.3.0-SNAPSHOT/hawkbit-example-core-feign-client-0.3.0-SNAPSHOT.jar:/home/lorenzo/.m2/repository/org/slf4j/slf4j-api/1.7.36/slf4j-api-1.7.36.jar:/home/lorenzo/.m2/repository/org/eclipse/hawkbit/hawkbit-ddi-api/0.3.0/hawkbit-ddi-api-0.3.0.jar:/home/lorenzo/.m2/repository/org/springframework/hateoas/spring-hateoas/1.5.5/spring-hateoas-1.5.5.jar:/home/lorenzo/.m2/repository/org/springframework/plugin/spring-plugin-core/2.0.0.RELEASE/spring-plugin-core-2.0.0.RELEASE.jar:/home/lorenzo/.m2/repository/com/fasterxml/jackson/dataformat/jackson-dataformat-cbor/2.13.5/jackson-dataformat-cbor-2.13.5.jar:/home/lorenzo/.m2/repository/javax/validation/validation-api/2.0.1.Final/validation-api-2.0.1.Final.jar:/home/lorenzo/.m2/repository/org/eclipse/hawkbit/hawkbit-rest-core/0.3.0/hawkbit-rest-core-0.3.0.jar:/home/lorenzo/.m2/repository/org/eclipse/hawkbit/hawkbit-core/0.3.0/hawkbit-core-0.3.0.jar:/home/lorenzo/.m2/repository/org/apache/commons/commons-lang3/3.12.0/commons-lang3-3.12.0.jar:/home/lorenzo/.m2/repository/org/springframework/data/spring-data-commons/2.7.17/spring-data-commons-2.7.17.jar:/home/lorenzo/.m2/repository/org/springdoc/springdoc-openapi-ui/1.7.0/springdoc-openapi-ui-1.7.0.jar:/home/lorenzo/.m2/repository/org/springdoc/springdoc-openapi-webmvc-core/1.7.0/springdoc-openapi-webmvc-core-1.7.0.jar:/home/lorenzo/.m2/repository/org/webjars/swagger-ui/4.18.2/swagger-ui-4.18.2.jar:/home/lorenzo/.m2/repository/org/springdoc/springdoc-openapi-security/1.7.0/springdoc-openapi-security-1.7.0.jar:/home/lorenzo/.m2/repository/org/springdoc/springdoc-openapi-common/1.7.0/springdoc-openapi-common-1.7.0.jar:/home/lorenzo/.m2/repository/io/swagger/core/v3/swagger-core/2.2.9/swagger-core-2.2.9.jar:/home/lorenzo/.m2/repository/com/fasterxml/jackson/dataformat/jackson-dataformat-yaml/2.13.5/jackson-dataformat-yaml-2.13.5.jar:/home/lorenzo/.m2/repository/io/swagger/core/v3/swagger-annotations/2.2.9/swagger-annotations-2.2.9.jar:/home/lorenzo/.m2/repository/io/swagger/core/v3/swagger-models/2.2.9/swagger-models-2.2.9.jar:/home/lorenzo/.m2/repository/org/apache/tomcat/embed/tomcat-embed-el/9.0.82/tomcat-embed-el-9.0.82.jar:/home/lorenzo/.m2/repository/org/hibernate/validator/hibernate-validator/6.2.5.Final/hibernate-validator-6.2.5.Final.jar:/home/lorenzo/.m2/repository/jakarta/validation/jakarta.validation-api/2.0.2/jakarta.validation-api-2.0.2.jar:/home/lorenzo/.m2/repository/org/jboss/logging/jboss-logging/3.4.3.Final/jboss-logging-3.4.3.Final.jar:/home/lorenzo/.m2/repository/com/fasterxml/classmate/1.5.1/classmate-1.5.1.jar:/home/lorenzo/.m2/repository/org/springframework/amqp/spring-rabbit/2.4.17/spring-rabbit-2.4.17.jar:/home/lorenzo/.m2/repository/org/springframework/amqp/spring-amqp/2.4.17/spring-amqp-2.4.17.jar:/home/lorenzo/.m2/repository/org/springframework/retry/spring-retry/1.3.4/spring-retry-1.3.4.jar:/home/lorenzo/.m2/repository/com/rabbitmq/amqp-client/5.14.3/amqp-client-5.14.3.jar:/home/lorenzo/.m2/repository/org/springframework/spring-context/5.3.30/spring-context-5.3.30.jar:/home/lorenzo/.m2/repository/org/springframework/spring-messaging/5.3.30/spring-messaging-5.3.30.jar:/home/lorenzo/.m2/repository/org/springframework/spring-tx/5.3.30/spring-tx-5.3.30.jar:/home/lorenzo/.m2/repository/org/springframework/boot/spring-boot-starter-web/2.7.17/spring-boot-starter-web-2.7.17.jar:/home/lorenzo/.m2/repository/org/springframework/boot/spring-boot-starter-json/2.7.17/spring-boot-starter-json-2.7.17.jar:/home/lorenzo/.m2/repository/org/springframework/boot/spring-boot-starter-tomcat/2.7.17/spring-boot-starter-tomcat-2.7.17.jar:/home/lorenzo/.m2/repository/org/apache/tomcat/embed/tomcat-embed-core/9.0.82/tomcat-embed-core-9.0.82.jar:/home/lorenzo/.m2/repository/org/apache/tomcat/embed/tomcat-embed-websocket/9.0.82/tomcat-embed-websocket-9.0.82.jar:/home/lorenzo/.m2/repository/org/springframework/spring-web/5.3.30/spring-web-5.3.30.jar:/home/lorenzo/.m2/repository/org/springframework/spring-webmvc/5.3.30/spring-webmvc-5.3.30.jar:/home/lorenzo/.m2/repository/org/springframework/boot/spring-boot-starter-jetty/2.7.17/spring-boot-starter-jetty-2.7.17.jar:/home/lorenzo/.m2/repository/jakarta/servlet/jakarta.servlet-api/4.0.4/jakarta.servlet-api-4.0.4.jar:/home/lorenzo/.m2/repository/jakarta/websocket/jakarta.websocket-api/1.1.2/jakarta.websocket-api-1.1.2.jar:/home/lorenzo/.m2/repository/org/eclipse/jetty/jetty-servlets/9.4.53.v20231009/jetty-servlets-9.4.53.v20231009.jar:/home/lorenzo/.m2/repository/org/eclipse/jetty/jetty-continuation/9.4.53.v20231009/jetty-continuation-9.4.53.v20231009.jar:/home/lorenzo/.m2/repository/org/eclipse/jetty/jetty-http/9.4.53.v20231009/jetty-http-9.4.53.v20231009.jar:/home/lorenzo/.m2/repository/org/eclipse/jetty/jetty-util/9.4.53.v20231009/jetty-util-9.4.53.v20231009.jar:/home/lorenzo/.m2/repository/org/eclipse/jetty/jetty-io/9.4.53.v20231009/jetty-io-9.4.53.v20231009.jar:/home/lorenzo/.m2/repository/org/eclipse/jetty/jetty-webapp/9.4.53.v20231009/jetty-webapp-9.4.53.v20231009.jar:/home/lorenzo/.m2/repository/org/eclipse/jetty/jetty-xml/9.4.53.v20231009/jetty-xml-9.4.53.v20231009.jar:/home/lorenzo/.m2/repository/org/eclipse/jetty/jetty-servlet/9.4.53.v20231009/jetty-servlet-9.4.53.v20231009.jar:/home/lorenzo/.m2/repository/org/eclipse/jetty/jetty-security/9.4.53.v20231009/jetty-security-9.4.53.v20231009.jar:/home/lorenzo/.m2/repository/org/eclipse/jetty/jetty-server/9.4.53.v20231009/jetty-server-9.4.53.v20231009.jar:/home/lorenzo/.m2/repository/org/eclipse/jetty/jetty-util-ajax/9.4.53.v20231009/jetty-util-ajax-9.4.53.v20231009.jar:/home/lorenzo/.m2/repository/org/eclipse/jetty/websocket/websocket-server/9.4.53.v20231009/websocket-server-9.4.53.v20231009.jar:/home/lorenzo/.m2/repository/org/eclipse/jetty/websocket/websocket-common/9.4.53.v20231009/websocket-common-9.4.53.v20231009.jar:/home/lorenzo/.m2/repository/org/eclipse/jetty/websocket/websocket-api/9.4.53.v20231009/websocket-api-9.4.53.v20231009.jar:/home/lorenzo/.m2/repository/org/eclipse/jetty/websocket/websocket-client/9.4.53.v20231009/websocket-client-9.4.53.v20231009.jar:/home/lorenzo/.m2/repository/org/eclipse/jetty/jetty-client/9.4.53.v20231009/jetty-client-9.4.53.v20231009.jar:/home/lorenzo/.m2/repository/org/eclipse/jetty/websocket/websocket-servlet/9.4.53.v20231009/websocket-servlet-9.4.53.v20231009.jar:/home/lorenzo/.m2/repository/org/eclipse/jetty/websocket/javax-websocket-server-impl/9.4.53.v20231009/javax-websocket-server-impl-9.4.53.v20231009.jar:/home/lorenzo/.m2/repository/org/eclipse/jetty/jetty-annotations/9.4.53.v20231009/jetty-annotations-9.4.53.v20231009.jar:/home/lorenzo/.m2/repository/org/eclipse/jetty/jetty-plus/9.4.53.v20231009/jetty-plus-9.4.53.v20231009.jar:/home/lorenzo/.m2/repository/org/ow2/asm/asm/9.6/asm-9.6.jar:/home/lorenzo/.m2/repository/org/ow2/asm/asm-commons/9.6/asm-commons-9.6.jar:/home/lorenzo/.m2/repository/org/ow2/asm/asm-tree/9.6/asm-tree-9.6.jar:/home/lorenzo/.m2/repository/org/eclipse/jetty/websocket/javax-websocket-client-impl/9.4.53.v20231009/javax-websocket-client-impl-9.4.53.v20231009.jar:/home/lorenzo/.m2/repository/org/springframework/boot/spring-boot-starter-logging/2.7.17/spring-boot-starter-logging-2.7.17.jar:/home/lorenzo/.m2/repository/ch/qos/logback/logback-classic/1.2.12/logback-classic-1.2.12.jar:/home/lorenzo/.m2/repository/ch/qos/logback/logback-core/1.2.12/logback-core-1.2.12.jar:/home/lorenzo/.m2/repository/org/apache/logging/log4j/log4j-to-slf4j/2.17.2/log4j-to-slf4j-2.17.2.jar:/home/lorenzo/.m2/repository/org/apache/logging/log4j/log4j-api/2.17.2/log4j-api-2.17.2.jar:/home/lorenzo/.m2/repository/org/slf4j/jul-to-slf4j/1.7.36/jul-to-slf4j-1.7.36.jar:/home/lorenzo/.m2/repository/org/springframework/security/spring-security-web/5.7.11/spring-security-web-5.7.11.jar:/home/lorenzo/.m2/repository/org/springframework/security/spring-security-core/5.7.11/spring-security-core-5.7.11.jar:/home/lorenzo/.m2/repository/org/springframework/spring-core/5.3.30/spring-core-5.3.30.jar:/home/lorenzo/.m2/repository/org/springframework/spring-jcl/5.3.30/spring-jcl-5.3.30.jar:/home/lorenzo/.m2/repository/org/springframework/spring-aop/5.3.30/spring-aop-5.3.30.jar:/home/lorenzo/.m2/repository/org/springframework/spring-beans/5.3.30/spring-beans-5.3.30.jar:/home/lorenzo/.m2/repository/org/springframework/spring-expression/5.3.30/spring-expression-5.3.30.jar:/home/lorenzo/.m2/repository/org/springframework/security/spring-security-config/5.7.11/spring-security-config-5.7.11.jar:/home/lorenzo/.m2/repository/org/springframework/boot/spring-boot-starter/2.7.17/spring-boot-starter-2.7.17.jar:/home/lorenzo/.m2/repository/org/springframework/boot/spring-boot/2.7.17/spring-boot-2.7.17.jar:/home/lorenzo/.m2/repository/jakarta/annotation/jakarta.annotation-api/1.3.5/jakarta.annotation-api-1.3.5.jar:/home/lorenzo/.m2/repository/org/yaml/snakeyaml/1.33/snakeyaml-1.33.jar:/home/lorenzo/.m2/repository/org/springframework/boot/spring-boot-starter-actuator/2.7.17/spring-boot-starter-actuator-2.7.17.jar:/home/lorenzo/.m2/repository/org/springframework/boot/spring-boot-actuator-autoconfigure/2.7.17/spring-boot-actuator-autoconfigure-2.7.17.jar:/home/lorenzo/.m2/repository/org/springframework/boot/spring-boot-actuator/2.7.17/spring-boot-actuator-2.7.17.jar:/home/lorenzo/.m2/repository/com/fasterxml/jackson/datatype/jackson-datatype-jsr310/2.13.5/jackson-datatype-jsr310-2.13.5.jar:/home/lorenzo/.m2/repository/io/micrometer/micrometer-core/1.9.16/micrometer-core-1.9.16.jar:/home/lorenzo/.m2/repository/org/hdrhistogram/HdrHistogram/2.1.12/HdrHistogram-2.1.12.jar:/home/lorenzo/.m2/repository/org/latencyutils/LatencyUtils/2.0.3/LatencyUtils-2.0.3.jar:/home/lorenzo/.m2/repository/org/springframework/boot/spring-boot-autoconfigure/2.7.17/spring-boot-autoconfigure-2.7.17.jar:/home/lorenzo/.m2/repository/org/springframework/cloud/spring-cloud-context/3.1.7/spring-cloud-context-3.1.7.jar:/home/lorenzo/.m2/repository/org/springframework/security/spring-security-crypto/5.7.11/spring-security-crypto-5.7.11.jar:/home/lorenzo/.m2/repository/org/springframework/cloud/spring-cloud-starter-openfeign/3.1.8/spring-cloud-starter-openfeign-3.1.8.jar:/home/lorenzo/.m2/repository/org/springframework/cloud/spring-cloud-starter/3.1.7/spring-cloud-starter-3.1.7.jar:/home/lorenzo/.m2/repository/org/springframework/security/spring-security-rsa/1.0.11.RELEASE/spring-security-rsa-1.0.11.RELEASE.jar:/home/lorenzo/.m2/repository/org/bouncycastle/bcpkix-jdk15on/1.69/bcpkix-jdk15on-1.69.jar:/home/lorenzo/.m2/repository/org/bouncycastle/bcprov-jdk15on/1.69/bcprov-jdk15on-1.69.jar:/home/lorenzo/.m2/repository/org/bouncycastle/bcutil-jdk15on/1.69/bcutil-jdk15on-1.69.jar:/home/lorenzo/.m2/repository/org/springframework/cloud/spring-cloud-openfeign-core/3.1.8/spring-cloud-openfeign-core-3.1.8.jar:/home/lorenzo/.m2/repository/org/springframework/boot/spring-boot-starter-aop/2.7.17/spring-boot-starter-aop-2.7.17.jar:/home/lorenzo/.m2/repository/org/aspectj/aspectjweaver/1.9.7/aspectjweaver-1.9.7.jar:/home/lorenzo/.m2/repository/io/github/openfeign/form/feign-form-spring/3.8.0/feign-form-spring-3.8.0.jar:/home/lorenzo/.m2/repository/io/github/openfeign/form/feign-form/3.8.0/feign-form-3.8.0.jar:/home/lorenzo/.m2/repository/commons-fileupload/commons-fileupload/1.5/commons-fileupload-1.5.jar:/home/lorenzo/.m2/repository/commons-io/commons-io/2.13.0/commons-io-2.13.0.jar:/home/lorenzo/.m2/repository/org/springframework/cloud/spring-cloud-commons/3.1.7/spring-cloud-commons-3.1.7.jar:/home/lorenzo/.m2/repository/io/github/openfeign/feign-core/11.10/feign-core-11.10.jar:/home/lorenzo/.m2/repository/io/github/openfeign/feign-slf4j/11.10/feign-slf4j-11.10.jar:/home/lorenzo/.m2/repository/io/github/openfeign/feign-jackson/11.10/feign-jackson-11.10.jar:/home/lorenzo/.m2/repository/com/fasterxml/jackson/core/jackson-databind/2.13.5/jackson-databind-2.13.5.jar:/home/lorenzo/.m2/repository/com/fasterxml/jackson/core/jackson-core/2.13.5/jackson-core-2.13.5.jar:/home/lorenzo/.m2/repository/com/google/guava/guava/32.1.2-jre/guava-32.1.2-jre.jar:/home/lorenzo/.m2/repository/com/google/guava/failureaccess/1.0.1/failureaccess-1.0.1.jar:/home/lorenzo/.m2/repository/com/google/guava/listenablefuture/9999.0-empty-to-avoid-conflict-with-guava/listenablefuture-9999.0-empty-to-avoid-conflict-with-guava.jar:/home/lorenzo/.m2/repository/org/checkerframework/checker-qual/3.33.0/checker-qual-3.33.0.jar:/home/lorenzo/.m2/repository/org/apache/httpcomponents/httpclient/4.5.14/httpclient-4.5.14.jar:/home/lorenzo/.m2/repository/org/apache/httpcomponents/httpcore/4.4.16/httpcore-4.4.16.jar:/home/lorenzo/.m2/repository/commons-codec/commons-codec/1.15/commons-codec-1.15.jar:/home/lorenzo/.m2/repository/org/springframework/boot/spring-boot-starter-test/2.7.17/spring-boot-starter-test-2.7.17.jar:/home/lorenzo/.m2/repository/org/springframework/boot/spring-boot-test/2.7.17/spring-boot-test-2.7.17.jar:/home/lorenzo/.m2/repository/org/springframework/boot/spring-boot-test-autoconfigure/2.7.17/spring-boot-test-autoconfigure-2.7.17.jar:/home/lorenzo/.m2/repository/com/jayway/jsonpath/json-path/2.7.0/json-path-2.7.0.jar:/home/lorenzo/.m2/repository/net/minidev/json-smart/2.4.11/json-smart-2.4.11.jar:/home/lorenzo/.m2/repository/net/minidev/accessors-smart/2.4.11/accessors-smart-2.4.11.jar:/home/lorenzo/.m2/repository/jakarta/xml/bind/jakarta.xml.bind-api/2.3.3/jakarta.xml.bind-api-2.3.3.jar:/home/lorenzo/.m2/repository/jakarta/activation/jakarta.activation-api/1.2.2/jakarta.activation-api-1.2.2.jar:/home/lorenzo/.m2/repository/org/assertj/assertj-core/3.22.0/assertj-core-3.22.0.jar:/home/lorenzo/.m2/repository/org/hamcrest/hamcrest/2.2/hamcrest-2.2.jar:/home/lorenzo/.m2/repository/org/junit/jupiter/junit-jupiter/5.8.2/junit-jupiter-5.8.2.jar:/home/lorenzo/.m2/repository/org/junit/jupiter/junit-jupiter-params/5.8.2/junit-jupiter-params-5.8.2.jar:/home/lorenzo/.m2/repository/org/junit/jupiter/junit-jupiter-engine/5.8.2/junit-jupiter-engine-5.8.2.jar:/home/lorenzo/.m2/repository/org/mockito/mockito-core/4.5.1/mockito-core-4.5.1.jar:/home/lorenzo/.m2/repository/net/bytebuddy/byte-buddy/1.12.23/byte-buddy-1.12.23.jar:/home/lorenzo/.m2/repository/net/bytebuddy/byte-buddy-agent/1.12.23/byte-buddy-agent-1.12.23.jar:/home/lorenzo/.m2/repository/org/objenesis/objenesis/3.2/objenesis-3.2.jar:/home/lorenzo/.m2/repository/org/mockito/mockito-junit-jupiter/4.5.1/mockito-junit-jupiter-4.5.1.jar:/home/lorenzo/.m2/repository/org/skyscreamer/jsonassert/1.5.1/jsonassert-1.5.1.jar:/home/lorenzo/.m2/repository/com/vaadin/external/google/android-json/0.0.20131108.vaadin1/android-json-0.0.20131108.vaadin1.jar:/home/lorenzo/.m2/repository/org/springframework/spring-test/5.3.30/spring-test-5.3.30.jar:/home/lorenzo/.m2/repository/org/xmlunit/xmlunit-core/2.9.1/xmlunit-core-2.9.1.jar:/home/lorenzo/.m2/repository/org/springframework/security/spring-security-test/5.7.11/spring-security-test-5.7.11.jar:/home/lorenzo/.m2/repository/io/qameta/allure/allure-junit5/2.24.0/allure-junit5-2.24.0.jar:/home/lorenzo/.m2/repository/io/qameta/allure/allure-junit-platform/2.24.0/allure-junit-platform-2.24.0.jar:/home/lorenzo/.m2/repository/io/qameta/allure/allure-java-commons/2.24.0/allure-java-commons-2.24.0.jar:/home/lorenzo/.m2/repository/io/qameta/allure/allure-model/2.24.0/allure-model-2.24.0.jar:/home/lorenzo/.m2/repository/io/qameta/allure/allure-test-filter/2.24.0/allure-test-filter-2.24.0.jar:/home/lorenzo/.m2/repository/org/junit/jupiter/junit-jupiter-api/5.8.2/junit-jupiter-api-5.8.2.jar:/home/lorenzo/.m2/repository/org/opentest4j/opentest4j/1.2.0/opentest4j-1.2.0.jar:/home/lorenzo/.m2/repository/org/junit/platform/junit-platform-commons/1.8.2/junit-platform-commons-1.8.2.jar:/home/lorenzo/.m2/repository/org/apiguardian/apiguardian-api/1.1.2/apiguardian-api-1.1.2.jar:/home/lorenzo/.m2/repository/org/junit/platform/junit-platform-launcher/1.8.2/junit-platform-launcher-1.8.2.jar:/home/lorenzo/.m2/repository/org/junit/platform/junit-platform-engine/1.8.2/junit-platform-engine-1.8.2.jar:"/>
    <property name="allure.results.directory" value="/home/lorenzo/Desktop/hawkbit-device-simulator/target/allure-results"/>
    <property name="sun.cpu.endian" value="little"/>
    <property name="user.home" value="/home/lorenzo"/>
    <property name="user.language" value="en"/>
    <property name="java.specification.vendor" value="Oracle Corporation"/>
    <property name="java.version.date" value="2023-10-17"/>
    <property name="java.home" value="/usr/lib/jvm/java-17-openjdk-amd64"/>
    <property name="file.separator" value="/"/>
    <property name="basedir" value="/home/lorenzo/Desktop/hawkbit-device-simulator"/>
    <property name="java.vm.compressedOopsMode" value="32-bit"/>
    <property name="line.separator" value="&#10;"/>
    <property name="java.specification.name" value="Java Platform API Specification"/>
    <property name="java.vm.specification.vendor" value="Oracle Corporation"/>
    <property name="FILE_LOG_CHARSET" value="UTF-8"/>
    <property name="java.awt.headless" value="true"/>
    <property name="sun.management.compiler" value="HotSpot 64-Bit Tiered Compilers"/>
    <property name="java.runtime.version" value="17.0.9+9-Ubuntu-122.04"/>
    <property name="user.name" value="lorenzo"/>
    <property name="path.separator" value=":"/>
    <property name="os.version" value="6.5.0-15-generic"/>
    <property name="java.runtime.name" value="OpenJDK Runtime Environment"/>
    <property name="file.encoding" value="UTF-8"/>
    <property name="spring.beaninfo.ignore" value="true"/>
    <property name="java.vm.name" value="OpenJDK 64-Bit Server VM"/>
    <property name="localRepository" value="/home/lorenzo/.m2/repository"/>
    <property name="java.vendor.url.bug" value="Unknown"/>
    <property name="java.io.tmpdir" value="/tmp"/>
    <property name="java.version" value="17.0.9"/>
    <property name="user.dir" value="/home/lorenzo/Desktop/hawkbit-device-simulator"/>
    <property name="os.arch" value="amd64"/>
    <property name="java.vm.specification.name" value="Java Virtual Machine Specification"/>
    <property name="PID" value="13712"/>
    <property name="CONSOLE_LOG_CHARSET" value="UTF-8"/>
    <property name="native.encoding" value="UTF-8"/>
    <property name="allure.serve.timeout" value="650"/>
    <property name="java.library.path" value="/usr/java/packages/lib:/usr/lib/x86_64-linux-gnu/jni:/lib/x86_64-linux-gnu:/usr/lib/x86_64-linux-gnu:/usr/lib/jni:/lib:/usr/lib"/>
    <property name="java.vm.info" value="mixed mode, sharing"/>
    <property name="java.vendor" value="Private Build"/>
    <property name="java.vm.version" value="17.0.9+9-Ubuntu-122.04"/>
    <property name="sun.io.unicode.encoding" value="UnicodeLittle"/>
    <property name="java.class.version" value="61.0"/>
  </properties>
  <testcase name="shouldGetOkForStart" classname="org.eclipse.hawkbit.simulator.AllowAllWebSecurityTest" time="0.108">
    <system-out><![CDATA[
  .   ____          _            __ _ _
 /\\ / ___'_ __ _ _(_)_ __  __ _ \ \ \ \
( ( )\___ | '_ | '_| | '_ \/ _` | \ \ \ \
 \\/  ___)| |_)| | | | | || (_| |  ) ) ) )
  '  |____| .__|_| |_|_| |_\__, | / / / /
 =========|_|==============|___/=/_/_/_/
 :: Spring Boot ::               (v2.7.17)

2024-01-30 12:46:31.940 ERROR 13712 --- [pool-4-thread-1] o.e.h.simulator.DDISimulatedDevice       : [DEFAULT:simulated1] Failed base poll

feign.RetryableException: Connection refused executing GET http://localhost:8080/DEFAULT/controller/v1/simulated1
	at feign.FeignException.errorExecuting(FeignException.java:268)
	at feign.SynchronousMethodHandler.executeAndDecode(SynchronousMethodHandler.java:131)
	at feign.SynchronousMethodHandler.invoke(SynchronousMethodHandler.java:91)
	at feign.ReflectiveFeign$FeignInvocationHandler.invoke(ReflectiveFeign.java:100)
	at jdk.proxy2/jdk.proxy2.$Proxy190.getControllerBase(Unknown Source)
	at org.eclipse.hawkbit.simulator.DDISimulatedDevice.getRequiredLink(DDISimulatedDevice.java:116)
	at org.eclipse.hawkbit.simulator.DDISimulatedDevice.poll(DDISimulatedDevice.java:95)
	at org.eclipse.hawkbit.simulator.NextPollTimeController$NextPollUpdaterRunnable.lambda$run$0(NextPollTimeController.java:45)
	at java.base/java.util.concurrent.Executors$RunnableAdapter.call(Executors.java:539)
	at java.base/java.util.concurrent.FutureTask.run(FutureTask.java:264)
	at java.base/java.util.concurrent.ThreadPoolExecutor.runWorker(ThreadPoolExecutor.java:1136)
	at java.base/java.util.concurrent.ThreadPoolExecutor$Worker.run(ThreadPoolExecutor.java:635)
	at java.base/java.lang.Thread.run(Thread.java:840)
Caused by: java.net.ConnectException: Connection refused
	at java.base/sun.nio.ch.Net.pollConnect(Native Method)
	at java.base/sun.nio.ch.Net.pollConnectNow(Net.java:672)
	at java.base/sun.nio.ch.NioSocketImpl.timedFinishConnect(NioSocketImpl.java:547)
	at java.base/sun.nio.ch.NioSocketImpl.connect(NioSocketImpl.java:602)
	at java.base/java.net.Socket.connect(Socket.java:633)
	at java.base/sun.net.NetworkClient.doConnect(NetworkClient.java:178)
	at java.base/sun.net.www.http.HttpClient.openServer(HttpClient.java:533)
	at java.base/sun.net.www.http.HttpClient.openServer(HttpClient.java:638)
	at java.base/sun.net.www.http.HttpClient.<init>(HttpClient.java:281)
	at java.base/sun.net.www.http.HttpClient.New(HttpClient.java:386)
	at java.base/sun.net.www.http.HttpClient.New(HttpClient.java:408)
	at java.base/sun.net.www.protocol.http.HttpURLConnection.getNewHttpClient(HttpURLConnection.java:1309)
	at java.base/sun.net.www.protocol.http.HttpURLConnection.plainConnect0(HttpURLConnection.java:1242)
	at java.base/sun.net.www.protocol.http.HttpURLConnection.plainConnect(HttpURLConnection.java:1128)
	at java.base/sun.net.www.protocol.http.HttpURLConnection.connect(HttpURLConnection.java:1057)
	at java.base/sun.net.www.protocol.http.HttpURLConnection.getInputStream0(HttpURLConnection.java:1665)
	at java.base/sun.net.www.protocol.http.HttpURLConnection.getInputStream(HttpURLConnection.java:1589)
	at java.base/java.net.HttpURLConnection.getResponseCode(HttpURLConnection.java:529)
	at feign.Client$Default.convertResponse(Client.java:110)
	at feign.Client$Default.execute(Client.java:106)
	at feign.SynchronousMethodHandler.executeAndDecode(SynchronousMethodHandler.java:121)
	... 11 common frames omitted

2024-01-30 12:46:33.185 ERROR 13712 --- [pool-4-thread-1] o.e.h.simulator.DDISimulatedDevice       : [DEFAULT:simulated1] Failed base poll

feign.RetryableException: Connection refused executing GET http://localhost:8080/DEFAULT/controller/v1/simulated1
	at feign.FeignException.errorExecuting(FeignException.java:268)
	at feign.SynchronousMethodHandler.executeAndDecode(SynchronousMethodHandler.java:131)
	at feign.SynchronousMethodHandler.invoke(SynchronousMethodHandler.java:91)
	at feign.ReflectiveFeign$FeignInvocationHandler.invoke(ReflectiveFeign.java:100)
	at jdk.proxy2/jdk.proxy2.$Proxy190.getControllerBase(Unknown Source)
	at org.eclipse.hawkbit.simulator.DDISimulatedDevice.getRequiredLink(DDISimulatedDevice.java:116)
	at org.eclipse.hawkbit.simulator.DDISimulatedDevice.poll(DDISimulatedDevice.java:99)
	at org.eclipse.hawkbit.simulator.NextPollTimeController$NextPollUpdaterRunnable.lambda$run$0(NextPollTimeController.java:45)
	at java.base/java.util.concurrent.Executors$RunnableAdapter.call(Executors.java:539)
	at java.base/java.util.concurrent.FutureTask.run(FutureTask.java:264)
	at java.base/java.util.concurrent.ThreadPoolExecutor.runWorker(ThreadPoolExecutor.java:1136)
	at java.base/java.util.concurrent.ThreadPoolExecutor$Worker.run(ThreadPoolExecutor.java:635)
	at java.base/java.lang.Thread.run(Thread.java:840)
Caused by: java.net.ConnectException: Connection refused
	at java.base/sun.nio.ch.Net.pollConnect(Native Method)
	at java.base/sun.nio.ch.Net.pollConnectNow(Net.java:672)
	at java.base/sun.nio.ch.NioSocketImpl.timedFinishConnect(NioSocketImpl.java:547)
	at java.base/sun.nio.ch.NioSocketImpl.connect(NioSocketImpl.java:602)
	at java.base/java.net.Socket.connect(Socket.java:633)
	at java.base/sun.net.NetworkClient.doConnect(NetworkClient.java:178)
	at java.base/sun.net.www.http.HttpClient.openServer(HttpClient.java:533)
	at java.base/sun.net.www.http.HttpClient.openServer(HttpClient.java:638)
	at java.base/sun.net.www.http.HttpClient.<init>(HttpClient.java:281)
	at java.base/sun.net.www.http.HttpClient.New(HttpClient.java:386)
	at java.base/sun.net.www.http.HttpClient.New(HttpClient.java:408)
	at java.base/sun.net.www.protocol.http.HttpURLConnection.getNewHttpClient(HttpURLConnection.java:1309)
	at java.base/sun.net.www.protocol.http.HttpURLConnection.plainConnect0(HttpURLConnection.java:1242)
	at java.base/sun.net.www.protocol.http.HttpURLConnection.plainConnect(HttpURLConnection.java:1128)
	at java.base/sun.net.www.protocol.http.HttpURLConnection.connect(HttpURLConnection.java:1057)
	at java.base/sun.net.www.protocol.http.HttpURLConnection.getInputStream0(HttpURLConnection.java:1665)
	at java.base/sun.net.www.protocol.http.HttpURLConnection.getInputStream(HttpURLConnection.java:1589)
	at java.base/java.net.HttpURLConnection.getResponseCode(HttpURLConnection.java:529)
	at feign.Client$Default.convertResponse(Client.java:110)
	at feign.Client$Default.execute(Client.java:106)
	at feign.SynchronousMethodHandler.executeAndDecode(SynchronousMethodHandler.java:121)
	... 11 common frames omitted

]]></system-out>
  </testcase>
  <testcase name="shouldGetOkForBaseUrl" classname="org.eclipse.hawkbit.simulator.AllowAllWebSecurityTest" time="0.011"/>
</testsuite>